mtb-timer/app/build/outputs/apk/manifest-merger-debug-report.txt
-- Merging decision tree log ---
manifest
ADDED from AndroidManifest.xml:17:1
	xmlns:android
		ADDED from AndroidManifest.xml:17:11
	package
		ADDED from AndroidManifest.xml:18:5
		INJECTED from AndroidManifest.xml:0:0
		INJECTED from AndroidManifest.xml:0:0
	android:versionName
		ADDED from AndroidManifest.xml:21:5
	android:versionCode
		ADDED from AndroidManifest.xml:20:5
		INJECTED from AndroidManifest.xml:0:0
		INJECTED from AndroidManifest.xml:0:0
	android:installLocation
		ADDED from AndroidManifest.xml:19:5
uses-sdk
ADDED from AndroidManifest.xml:23:5
MERGED from com.android.support:appcompat-v7:19.1.0:18:5
	android:targetSdkVersion
		ADDED from AndroidManifest.xml:25:9
		INJECTED from AndroidManifest.xml:0:0
		INJECTED from AndroidManifest.xml:0:0
	android:minSdkVersion
		ADDED from AndroidManifest.xml:24:9
		INJECTED from AndroidManifest.xml:0:0
		INJECTED from AndroidManifest.xml:0:0
uses-permission#android.permission.INTERNET
ADDED from AndroidManifest.xml:27:5
	android:name
		ADDED from AndroidManifest.xml:27:22
uses-permission#android.permission.ACCESS_NETWORK_STATE
ADDED from AndroidManifest.xml:28:5
	android:name
		ADDED from AndroidManifest.xml:28:22
uses-feature#android.hardware.bluetooth
ADDED from AndroidManifest.xml:30:5
	android:required
		ADDED from AndroidManifest.xml:32:9
	android:name
		ADDED from AndroidManifest.xml:31:9
uses-feature#android.hardware.camera
ADDED from AndroidManifest.xml:33:5
	android:required
		ADDED from AndroidManifest.xml:35:9
	android:name
		ADDED from AndroidManifest.xml:34:9
uses-feature#android.hardware.camera.autofocus
ADDED from AndroidManifest.xml:36:5
	android:required
		ADDED from AndroidManifest.xml:38:9
	android:name
		ADDED from AndroidManifest.xml:37:9
uses-feature#android.hardware.location
ADDED from AndroidManifest.xml:39:5
	android:required
		ADDED from AndroidManifest.xml:41:9
	android:name
		ADDED from AndroidManifest.xml:40:9
uses-feature#android.hardware.microphone
ADDED from AndroidManifest.xml:42:5
	android:required
		ADDED from AndroidManifest.xml:44:9
	android:name
		ADDED from AndroidManifest.xml:43:9
uses-feature#android.hardware.telephony
ADDED from AndroidManifest.xml:45:5
	android:required
		ADDED from AndroidManifest.xml:47:9
	android:name
		ADDED from AndroidManifest.xml:46:9
uses-feature#android.hardware.wifi
ADDED from AndroidManifest.xml:48:5
	android:required
		ADDED from AndroidManifest.xml:50:9
	android:name
		ADDED from AndroidManifest.xml:49:9
application
ADDED from AndroidManifest.xml:52:5
MERGED from com.android.support:appcompat-v7:19.1.0:19:5
	android:label
		ADDED from AndroidManifest.xml:55:9
	android:allowBackup
		ADDED from AndroidManifest.xml:53:9
	android:icon
		ADDED from AndroidManifest.xml:54:9
	android:theme
		ADDED from AndroidManifest.xml:56:9
activity#bg.tudle.mtbtimer.ui.MTBMainActivity
ADDED from AndroidManifest.xml:57:9
	android:screenOrientation
		ADDED from AndroidManifest.xml:60:13
	android:label
		ADDED from AndroidManifest.xml:59:13
	android:name
		ADDED from AndroidManifest.xml:58:13
intent-filter#android.intent.action.MAIN+android.intent.category.LAUNCHER
ADDED from AndroidManifest.xml:61:13
action#android.intent.action.MAIN
ADDED from AndroidManifest.xml:62:17
	android:name
		ADDED from AndroidManifest.xml:62:25
category#android.intent.category.LAUNCHER
ADDED from AndroidManifest.xml:64:17
	android:name
		ADDED from AndroidManifest.xml:64:27
service#bg.tudle.mtbtimer.service.MTBTimerService
ADDED from AndroidManifest.xml:68:9
	android:label
		ADDED from AndroidManifest.xml:71:13
	android:icon
		ADDED from AndroidManifest.xml:70:13
	android:name
		ADDED from AndroidManifest.xml:69:13
receiver#bg.tudle.mtbtimer.widget.MTBWidgetProvider
ADDED from AndroidManifest.xml:73:9
	android:label
		ADDED from AndroidManifest.xml:76:13
	android:icon
		ADDED from AndroidManifest.xml:75:13
	android:name
		ADDED from AndroidManifest.xml:74:13
intent-filter#android.appwidget.action.APPWIDGET_UPDATE
ADDED from AndroidManifest.xml:77:13
action#android.appwidget.action.APPWIDGET_UPDATE
ADDED from AndroidManifest.xml:78:17
	android:name
		ADDED from AndroidManifest.xml:78:25
meta-data#android.appwidget.provider
ADDED from AndroidManifest.xml:81:13
	android:resource
		ADDED from AndroidManifest.xml:83:17
	android:name
		ADDED from AndroidManifest.xml:82:17